<?xml version="1.0" encoding="UTF-8"?>
<testng-results ignored="0" total="5" passed="4" failed="1" skipped="0">
  <reporter-output>
  </reporter-output>
  <suite started-at="2025-02-08T12:23:56Z" name="Suite" finished-at="2025-02-08T12:24:29Z" duration-ms="33226">
    <groups>
    </groups>
    <test started-at="2025-02-08T12:23:56Z" name="TestLogin" finished-at="2025-02-08T12:24:17Z" duration-ms="20977">
      <class name="tests.LoginTest">
        <test-method is-config="true" signature="oppenApplication()[pri:0, instance:tests.LoginTest@5965be2d]" started-at="2025-02-08T17:53:56Z" name="oppenApplication" finished-at="2025-02-08T17:54:01Z" duration-ms="5638" status="PASS">
          <reporter-output>
          </reporter-output>
        </test-method> <!-- oppenApplication -->
        <test-method signature="login(java.lang.String, java.lang.String, java.lang.String)[pri:0, instance:tests.LoginTest@5965be2d]" started-at="2025-02-08T17:54:01Z" name="login" data-provider="getLoginData" finished-at="2025-02-08T17:54:03Z" duration-ms="1304" status="PASS">
          <params>
            <param index="0">
              <value>
                <![CDATA[nikitanikam77777@gmail.com]]>
              </value>
            </param>
            <param index="1">
              <value>
                <![CDATA[NikitaDemo@12]]>
              </value>
            </param>
            <param index="2">
              <value>
                <![CDATA[Successfull]]>
              </value>
            </param>
          </params>
          <reporter-output>
          </reporter-output>
        </test-method> <!-- login -->
        <test-method is-config="true" signature="clouser()[pri:0, instance:tests.LoginTest@5965be2d]" started-at="2025-02-08T17:54:03Z" name="clouser" finished-at="2025-02-08T17:54:03Z" duration-ms="173" status="PASS">
          <reporter-output>
          </reporter-output>
        </test-method> <!-- clouser -->
        <test-method is-config="true" signature="oppenApplication()[pri:0, instance:tests.LoginTest@5965be2d]" started-at="2025-02-08T17:54:03Z" name="oppenApplication" finished-at="2025-02-08T17:54:05Z" duration-ms="2120" status="PASS">
          <reporter-output>
          </reporter-output>
        </test-method> <!-- oppenApplication -->
        <test-method signature="login(java.lang.String, java.lang.String, java.lang.String)[pri:0, instance:tests.LoginTest@5965be2d]" started-at="2025-02-08T17:54:05Z" name="login" data-provider="getLoginData" finished-at="2025-02-08T17:54:17Z" duration-ms="11532" status="PASS">
          <params>
            <param index="0">
              <value>
                <![CDATA[abc@gmail.com]]>
              </value>
            </param>
            <param index="1">
              <value>
                <![CDATA[5ftt]]>
              </value>
            </param>
            <param index="2">
              <value>
                <![CDATA[Failure]]>
              </value>
            </param>
          </params>
          <reporter-output>
          </reporter-output>
        </test-method> <!-- login -->
        <test-method is-config="true" signature="clouser()[pri:0, instance:tests.LoginTest@5965be2d]" started-at="2025-02-08T17:54:17Z" name="clouser" finished-at="2025-02-08T17:54:17Z" duration-ms="178" status="PASS">
          <reporter-output>
          </reporter-output>
        </test-method> <!-- clouser -->
      </class> <!-- tests.LoginTest -->
    </test> <!-- TestLogin -->
    <test started-at="2025-02-08T12:24:17Z" name="TestTwo" finished-at="2025-02-08T12:24:21Z" duration-ms="3530">
      <class name="tests.TwoTest">
        <test-method signature="TestTwo()[pri:0, instance:tests.TwoTest@56c4278e]" started-at="2025-02-08T17:54:17Z" name="TestTwo" finished-at="2025-02-08T17:54:20Z" duration-ms="3361" status="PASS">
          <reporter-output>
          </reporter-output>
        </test-method> <!-- TestTwo -->
        <test-method is-config="true" signature="clouser()[pri:0, instance:tests.TwoTest@56c4278e]" started-at="2025-02-08T17:54:20Z" name="clouser" finished-at="2025-02-08T17:54:21Z" duration-ms="167" status="PASS">
          <reporter-output>
          </reporter-output>
        </test-method> <!-- clouser -->
      </class> <!-- tests.TwoTest -->
    </test> <!-- TestTwo -->
    <test started-at="2025-02-08T12:24:21Z" name="TestThree" finished-at="2025-02-08T12:24:25Z" duration-ms="4110">
      <class name="tests.ThreeTest">
        <test-method signature="TestThree()[pri:0, instance:tests.ThreeTest@5454d35e]" started-at="2025-02-08T17:54:21Z" name="TestThree" finished-at="2025-02-08T17:54:25Z" duration-ms="3927" status="PASS">
          <reporter-output>
          </reporter-output>
        </test-method> <!-- TestThree -->
        <test-method is-config="true" signature="clouser()[pri:0, instance:tests.ThreeTest@5454d35e]" started-at="2025-02-08T17:54:25Z" name="clouser" finished-at="2025-02-08T17:54:25Z" duration-ms="180" status="PASS">
          <reporter-output>
          </reporter-output>
        </test-method> <!-- clouser -->
      </class> <!-- tests.ThreeTest -->
    </test> <!-- TestThree -->
    <test started-at="2025-02-08T12:24:25Z" name="TestFour" finished-at="2025-02-08T12:24:29Z" duration-ms="4190">
      <class name="tests.FourTest">
        <test-method signature="TestFour()[pri:0, instance:tests.FourTest@82ea68c]" started-at="2025-02-08T17:54:25Z" name="TestFour" finished-at="2025-02-08T17:54:29Z" duration-ms="3883" status="FAIL">
          <exception class="java.lang.AssertionError">
            <message>
              <![CDATA[expected [true] but found [false]]]>
            </message>
            <full-stacktrace>
              <![CDATA[java.lang.AssertionError: expected [true] but found [false]
	at org.testng.Assert.fail(Assert.java:93)
	at org.testng.Assert.failNotEquals(Assert.java:512)
	at org.testng.Assert.assertTrue(Assert.java:41)
	at org.testng.Assert.assertTrue(Assert.java:51)
	at tests.FourTest.TestFour(FourTest.java:21)
	at java.base/jdk.internal.reflect.NativeMethodAccessorImpl.invoke0(Native Method)
	at java.base/jdk.internal.reflect.NativeMethodAccessorImpl.invoke(NativeMethodAccessorImpl.java:77)
	at java.base/jdk.internal.reflect.DelegatingMethodAccessorImpl.invoke(DelegatingMethodAccessorImpl.java:43)
	at java.base/java.lang.reflect.Method.invoke(Method.java:568)
	at org.testng.internal.MethodInvocationHelper.invokeMethod(MethodInvocationHelper.java:108)
	at org.testng.internal.Invoker.invokeMethod(Invoker.java:661)
	at org.testng.internal.Invoker.invokeTestMethod(Invoker.java:869)
	at org.testng.internal.Invoker.invokeTestMethods(Invoker.java:1193)
	at org.testng.internal.TestMethodWorker.invokeTestMethods(TestMethodWorker.java:126)
	at org.testng.internal.TestMethodWorker.run(TestMethodWorker.java:109)
	at org.testng.TestRunner.privateRun(TestRunner.java:744)
	at org.testng.TestRunner.run(TestRunner.java:602)
	at org.testng.SuiteRunner.runTest(SuiteRunner.java:380)
	at org.testng.SuiteRunner.runSequentially(SuiteRunner.java:375)
	at org.testng.SuiteRunner.privateRun(SuiteRunner.java:340)
	at org.testng.SuiteRunner.run(SuiteRunner.java:289)
	at org.testng.SuiteRunnerWorker.runSuite(SuiteRunnerWorker.java:52)
	at org.testng.SuiteRunnerWorker.run(SuiteRunnerWorker.java:86)
	at org.testng.TestNG.runSuitesSequentially(TestNG.java:1301)
	at org.testng.TestNG.runSuitesLocally(TestNG.java:1226)
	at org.testng.TestNG.runSuites(TestNG.java:1144)
	at org.testng.TestNG.run(TestNG.java:1115)
	at org.testng.remote.AbstractRemoteTestNG.run(AbstractRemoteTestNG.java:115)
	at org.testng.remote.RemoteTestNG.initAndRun(RemoteTestNG.java:293)
	at org.testng.remote.RemoteTestNG.main(RemoteTestNG.java:91)
]]>
            </full-stacktrace>
          </exception> <!-- java.lang.AssertionError -->
          <reporter-output>
          </reporter-output>
        </test-method> <!-- TestFour -->
        <test-method is-config="true" signature="clouser()[pri:0, instance:tests.FourTest@82ea68c]" started-at="2025-02-08T17:54:29Z" name="clouser" finished-at="2025-02-08T17:54:29Z" duration-ms="149" status="PASS">
          <reporter-output>
          </reporter-output>
        </test-method> <!-- clouser -->
      </class> <!-- tests.FourTest -->
    </test> <!-- TestFour -->
  </suite> <!-- Suite -->
</testng-results>
